INFO  Opened n11.com homepage ==== 2021-08-02 13:55:51 ==== com.n11.gauge.pages.HomePage.navigateTo(HomePage.java:15) 
INFO  Checked if the open homepage ==== 2021-08-02 13:55:51 ==== com.n11.gauge.pages.HomePage.isOpen(HomePage.java:21) 
INFO  Clicked go to login page ==== 2021-08-02 13:55:52 ==== com.n11.gauge.pages.HomePage.clickLoginButton(HomePage.java:27) 
INFO  Filled Email and Password Inputs ==== 2021-08-02 13:55:54 ==== com.n11.gauge.pages.Login.fillInputs(Login.java:16) 
INFO  Clicked the login button ==== 2021-08-02 13:55:56 ==== com.n11.gauge.pages.Login.clickLoginButton(Login.java:22) 
INFO  Checked if the user is logged in ==== 2021-08-02 13:55:56 ==== com.n11.gauge.pages.Login.checkLogin(Login.java:28) 
INFO  Filled search box and click search button ==== 2021-08-02 13:55:58 ==== com.n11.gauge.pages.SearchPhone.searchPhone(SearchPhone.java:17) 
INFO  Checked if the searching Samsung phone ==== 2021-08-02 13:55:58 ==== com.n11.gauge.pages.SearchPhone.checkSearch(SearchPhone.java:23) 
INFO  Moved to 2nd page ==== 2021-08-02 13:56:01 ==== com.n11.gauge.pages.SearchPhone.moveToSecondPage(SearchPhone.java:29) 
INFO  Checked if open second phone page ==== 2021-08-02 13:56:01 ==== com.n11.gauge.pages.SearchPhone.checkIsPageOpen(SearchPhone.java:35) 
INFO  Added 3rd phone to favorites ==== 2021-08-02 13:56:02 ==== com.n11.gauge.pages.AddFavorite.addToFavorites(AddFavorite.java:14) 
INFO  Go to my account page ==== 2021-08-02 13:56:03 ==== com.n11.gauge.pages.AddFavorite.goToAccountPage(AddFavorite.java:20) 
INFO  Showing my favorites page ==== 2021-08-02 13:56:06 ==== com.n11.gauge.pages.Favorites.showAllFavorites(Favorites.java:20) 
INFO  Checked if favorites open ==== 2021-08-02 13:56:06 ==== com.n11.gauge.pages.Favorites.checkFavoritesOpen(Favorites.java:26) 
INFO  Deleted phone from favorites ==== 2021-08-02 13:56:07 ==== com.n11.gauge.pages.Favorites.deletePhone(Favorites.java:32) 
INFO  Checked if delete phone in favorites ==== 2021-08-02 13:56:07 ==== com.n11.gauge.pages.Favorites.checkDelete(Favorites.java:38) 
INFO  Closed deleted message button ==== 2021-08-02 13:56:07 ==== com.n11.gauge.pages.Favorites.closeMessage(Favorites.java:44) 
INFO  Searched Computer ==== 2021-08-02 13:56:10 ==== com.n11.gauge.pages.Favorites.searchComputer(Favorites.java:52) 
INFO  Checked if the searching computer ==== 2021-08-02 13:56:10 ==== com.n11.gauge.pages.Favorites.checkSearch(Favorites.java:58) 
INFO  Moved 2nd computer page ==== 2021-08-02 13:56:11 ==== com.n11.gauge.pages.SearchComputer.moveToSecondPage(SearchComputer.java:16) 
INFO  Checked if open second computer page ==== 2021-08-02 13:56:11 ==== com.n11.gauge.pages.SearchComputer.checkSecondPage(SearchComputer.java:22) 
INFO  Clicked to computer ==== 2021-08-02 13:56:13 ==== com.n11.gauge.pages.SearchComputer.clickToProduct(SearchComputer.java:29) 
INFO  Added computer to cart ==== 2021-08-02 13:56:14 ==== com.n11.gauge.pages.SearchComputer.addToCart(SearchComputer.java:35) 
INFO  Go to cart ==== 2021-08-02 13:56:17 ==== com.n11.gauge.pages.SearchComputer.goToCart(SearchComputer.java:41) 
INFO  Checked product price ==== 2021-08-02 13:56:17 ==== com.n11.gauge.pages.Cart.checkPrice(Cart.java:18) 
INFO  Increment the product count ==== 2021-08-02 13:56:17 ==== com.n11.gauge.pages.Cart.upProductCount(Cart.java:24) 
INFO  Delete product from cart ==== 2021-08-02 13:56:18 ==== com.n11.gauge.pages.Cart.deleteProductFromCart(Cart.java:30) 
INFO  Opened n11.com homepage ==== 2021-08-02 13:58:00 ==== com.n11.gauge.pages.HomePage.navigateTo(HomePage.java:15) 
INFO  Checked if the open homepage ==== 2021-08-02 13:58:00 ==== com.n11.gauge.pages.HomePage.isOpen(HomePage.java:21) 
INFO  Clicked go to login page ==== 2021-08-02 13:58:01 ==== com.n11.gauge.pages.HomePage.clickLoginButton(HomePage.java:27) 
INFO  Filled Email and Password Inputs ==== 2021-08-02 13:58:02 ==== com.n11.gauge.pages.Login.fillInputs(Login.java:16) 
INFO  Clicked the login button ==== 2021-08-02 13:58:04 ==== com.n11.gauge.pages.Login.clickLoginButton(Login.java:22) 
INFO  Checked if the user is logged in ==== 2021-08-02 13:58:04 ==== com.n11.gauge.pages.Login.checkLogin(Login.java:28) 
INFO  Filled search box and click search button ==== 2021-08-02 13:58:06 ==== com.n11.gauge.pages.SearchPhone.searchPhone(SearchPhone.java:17) 
INFO  Checked if the searching Samsung phone ==== 2021-08-02 13:58:06 ==== com.n11.gauge.pages.SearchPhone.checkSearch(SearchPhone.java:23) 
INFO  Moved to 2nd page ==== 2021-08-02 13:58:09 ==== com.n11.gauge.pages.SearchPhone.moveToSecondPage(SearchPhone.java:29) 
INFO  Checked if open second phone page ==== 2021-08-02 13:58:09 ==== com.n11.gauge.pages.SearchPhone.checkIsPageOpen(SearchPhone.java:35) 
INFO  Added 3rd phone to favorites ==== 2021-08-02 13:58:10 ==== com.n11.gauge.pages.AddFavorite.addToFavorites(AddFavorite.java:14) 
INFO  Go to my account page ==== 2021-08-02 13:58:13 ==== com.n11.gauge.pages.AddFavorite.goToAccountPage(AddFavorite.java:20) 
INFO  Showing my favorites page ==== 2021-08-02 13:58:14 ==== com.n11.gauge.pages.Favorites.showAllFavorites(Favorites.java:20) 
INFO  Checked if favorites open ==== 2021-08-02 13:58:14 ==== com.n11.gauge.pages.Favorites.checkFavoritesOpen(Favorites.java:26) 
INFO  Deleted phone from favorites ==== 2021-08-02 13:58:15 ==== com.n11.gauge.pages.Favorites.deletePhone(Favorites.java:32) 
INFO  Checked if delete phone in favorites ==== 2021-08-02 13:58:15 ==== com.n11.gauge.pages.Favorites.checkDelete(Favorites.java:38) 
INFO  Closed deleted message button ==== 2021-08-02 13:58:16 ==== com.n11.gauge.pages.Favorites.closeMessage(Favorites.java:44) 
INFO  Searched Computer ==== 2021-08-02 13:58:21 ==== com.n11.gauge.pages.Favorites.searchComputer(Favorites.java:52) 
INFO  Checked if the searching computer ==== 2021-08-02 13:58:21 ==== com.n11.gauge.pages.Favorites.checkSearch(Favorites.java:58) 
INFO  Moved 2nd computer page ==== 2021-08-02 13:58:22 ==== com.n11.gauge.pages.SearchComputer.moveToSecondPage(SearchComputer.java:16) 
INFO  Checked if open second computer page ==== 2021-08-02 13:58:22 ==== com.n11.gauge.pages.SearchComputer.checkSecondPage(SearchComputer.java:22) 
INFO  Clicked to computer ==== 2021-08-02 13:58:23 ==== com.n11.gauge.pages.SearchComputer.clickToProduct(SearchComputer.java:28) 
INFO  Added computer to cart ==== 2021-08-02 13:58:25 ==== com.n11.gauge.pages.SearchComputer.addToCart(SearchComputer.java:35) 
INFO  Go to cart ==== 2021-08-02 13:58:28 ==== com.n11.gauge.pages.SearchComputer.goToCart(SearchComputer.java:41) 
INFO  Increment the product count ==== 2021-08-02 13:58:29 ==== com.n11.gauge.pages.Cart.upProductCount(Cart.java:24) 
INFO  Delete product from cart ==== 2021-08-02 13:58:29 ==== com.n11.gauge.pages.Cart.deleteProductFromCart(Cart.java:30) 
INFO  Opened n11.com homepage ==== 2021-08-02 14:01:49 ==== com.n11.gauge.pages.HomePage.navigateTo(HomePage.java:15) 
INFO  Checked if the open homepage ==== 2021-08-02 14:01:49 ==== com.n11.gauge.pages.HomePage.isOpen(HomePage.java:21) 
INFO  Clicked go to login page ==== 2021-08-02 14:01:51 ==== com.n11.gauge.pages.HomePage.clickLoginButton(HomePage.java:27) 
INFO  Filled Email and Password Inputs ==== 2021-08-02 14:01:51 ==== com.n11.gauge.pages.Login.fillInputs(Login.java:16) 
INFO  Clicked the login button ==== 2021-08-02 14:01:54 ==== com.n11.gauge.pages.Login.clickLoginButton(Login.java:22) 
INFO  Checked if the user is logged in ==== 2021-08-02 14:01:54 ==== com.n11.gauge.pages.Login.checkLogin(Login.java:28) 
INFO  Filled search box and click search button ==== 2021-08-02 14:01:57 ==== com.n11.gauge.pages.SearchPhone.searchPhone(SearchPhone.java:17) 
INFO  Checked if the searching Samsung phone ==== 2021-08-02 14:01:57 ==== com.n11.gauge.pages.SearchPhone.checkSearch(SearchPhone.java:23) 
INFO  Moved to 2nd page ==== 2021-08-02 14:01:59 ==== com.n11.gauge.pages.SearchPhone.moveToSecondPage(SearchPhone.java:29) 
INFO  Checked if open second phone page ==== 2021-08-02 14:01:59 ==== com.n11.gauge.pages.SearchPhone.checkIsPageOpen(SearchPhone.java:35) 
INFO  Added 3rd phone to favorites ==== 2021-08-02 14:02:00 ==== com.n11.gauge.pages.AddFavorite.addToFavorites(AddFavorite.java:14) 
INFO  Go to my account page ==== 2021-08-02 14:02:02 ==== com.n11.gauge.pages.AddFavorite.goToAccountPage(AddFavorite.java:20) 
INFO  Showing my favorites page ==== 2021-08-02 14:02:05 ==== com.n11.gauge.pages.Favorites.showAllFavorites(Favorites.java:20) 
INFO  Checked if favorites open ==== 2021-08-02 14:02:05 ==== com.n11.gauge.pages.Favorites.checkFavoritesOpen(Favorites.java:26) 
INFO  Deleted phone from favorites ==== 2021-08-02 14:02:06 ==== com.n11.gauge.pages.Favorites.deletePhone(Favorites.java:32) 
INFO  Checked if delete phone in favorites ==== 2021-08-02 14:02:06 ==== com.n11.gauge.pages.Favorites.checkDelete(Favorites.java:38) 
INFO  Closed deleted message button ==== 2021-08-02 14:02:07 ==== com.n11.gauge.pages.Favorites.closeMessage(Favorites.java:44) 
INFO  Searched Computer ==== 2021-08-02 14:02:09 ==== com.n11.gauge.pages.Favorites.searchComputer(Favorites.java:52) 
INFO  Checked if the searching computer ==== 2021-08-02 14:02:09 ==== com.n11.gauge.pages.Favorites.checkSearch(Favorites.java:58) 
INFO  Moved 2nd computer page ==== 2021-08-02 14:02:10 ==== com.n11.gauge.pages.SearchComputer.moveToSecondPage(SearchComputer.java:16) 
INFO  Checked if open second computer page ==== 2021-08-02 14:02:10 ==== com.n11.gauge.pages.SearchComputer.checkSecondPage(SearchComputer.java:22) 
INFO  Clicked to computer ==== 2021-08-02 14:02:15 ==== com.n11.gauge.pages.SearchComputer.clickToProduct(SearchComputer.java:29) 
INFO  Added computer to cart ==== 2021-08-02 14:02:15 ==== com.n11.gauge.pages.SearchComputer.addToCart(SearchComputer.java:35) 
INFO  Go to cart ==== 2021-08-02 14:02:21 ==== com.n11.gauge.pages.SearchComputer.goToCart(SearchComputer.java:41) 
INFO  Checked product price ==== 2021-08-02 14:02:21 ==== com.n11.gauge.pages.Cart.checkPrice(Cart.java:18) 
INFO  Increment the product count ==== 2021-08-02 14:02:21 ==== com.n11.gauge.pages.Cart.upProductCount(Cart.java:24) 
INFO  Delete product from cart ==== 2021-08-02 14:02:21 ==== com.n11.gauge.pages.Cart.deleteProductFromCart(Cart.java:30) 
