{"logLevel":"debug","message":"multithreading is set to false"}
{"logLevel":"debug","message":"Using reflection to scan dependencies for gauge implementations..."}
{"logLevel":"debug","message":"gauge-java took 1304milliseconds to load and scan. This should be less than 'runner_connection_timeout' config value."}
{"logLevel":"debug","message":"run 'gauge config runner_connection_timeout' and verify that it is < 1304"}
{"logLevel":"debug","message":"starting gRPC server..."}
{"logLevel":"debug","message":"started gRPC server on port 57444"}
{"logLevel":"info","message":"Listening on port:57444"}
{"logLevel":"debug","message":"Scanning packages for steps"}
{"logLevel":"debug","message":"Comparing 'com.n11.gauge.pages.Login.fillPassword' and 'com.n11.gauge.pages.Login.fillPassword'"}
{"logLevel":"debug","message":"Found Fill password input {} in current project scope."}
{"logLevel":"debug","message":"Comparing 'com.n11.gauge.pages.Search.moveToSecondPage' and 'com.n11.gauge.pages.Search.moveToSecondPage'"}
{"logLevel":"debug","message":"Found Move to the second page in current project scope."}
{"logLevel":"debug","message":"Comparing 'com.n11.gauge.pages.HomePage.navigateTo' and 'com.n11.gauge.pages.HomePage.navigateTo'"}
{"logLevel":"debug","message":"Found Navigate to {} in current project scope."}
{"logLevel":"debug","message":"Comparing 'com.n11.gauge.pages.Search.clickSearchButton' and 'com.n11.gauge.pages.Search.clickSearchButton'"}
{"logLevel":"debug","message":"Found Click the search button in current project scope."}
{"logLevel":"debug","message":"Comparing 'com.n11.gauge.pages.HomePage.isOpen' and 'com.n11.gauge.pages.HomePage.isOpen'"}
{"logLevel":"debug","message":"Found Check it is open in current project scope."}
{"logLevel":"debug","message":"Comparing 'com.n11.gauge.pages.HomePage.clickLoginButton' and 'com.n11.gauge.pages.HomePage.clickLoginButton'"}
{"logLevel":"debug","message":"Found Click to the login button in current project scope."}
{"logLevel":"debug","message":"Comparing 'com.n11.gauge.pages.Search.searchPhone' and 'com.n11.gauge.pages.Search.searchPhone'"}
{"logLevel":"debug","message":"Found Searching {} Phone in current project scope."}
{"logLevel":"debug","message":"Comparing 'com.n11.gauge.pages.Login.fillEmail' and 'com.n11.gauge.pages.Login.fillEmail'"}
{"logLevel":"debug","message":"Found Fill email input {} in current project scope."}
{"logLevel":"debug","message":"Comparing 'com.n11.gauge.pages.Login.clickLoginButton' and 'com.n11.gauge.pages.Login.clickLoginButton'"}
{"logLevel":"debug","message":"Found Click the login button in current project scope."}
{"logLevel":"debug","message":"Scanning packages for hooks"}
{"logLevel":"debug","message":"Scanned steps (using static parsing + reflections): "}
{"logLevel":"debug","message":"\tFill email input {} : public void fillEmail(String userEmail)"}
{"logLevel":"debug","message":"\tClick the login button : public void clickLoginButton()"}
{"logLevel":"debug","message":"\tClick to the login button : public void clickLoginButton()"}
{"logLevel":"debug","message":"\tSearching {} Phone : public void searchPhone(String phoneName)"}
{"logLevel":"debug","message":"\tMove to the second page : public void moveToSecondPage()"}
{"logLevel":"debug","message":"\tNavigate to {} : public void navigateTo(String url)"}
{"logLevel":"debug","message":"\tClick the search button : public void clickSearchButton()"}
{"logLevel":"debug","message":"\tFill password input {} : public void fillPassword(String userPassword)"}
{"logLevel":"debug","message":"\tCheck it is open : public void isOpen()"}
{"logLevel":"debug","message":"Executing 'Move to the second page' using 'class com.n11.gauge.pages.Search.moveToSecondPage"}
{"logLevel":"debug","message":"Killing Java runner..."}
{"logLevel":"debug","message":"Stopping execution pool..."}
{"logLevel":"debug","message":"Shutting down grpc server..."}
{"logLevel":"debug","message":"Runner killed gracefully."}
