{"logLevel":"debug","message":"multithreading is set to false"}
{"logLevel":"debug","message":"Using reflection to scan dependencies for gauge implementations..."}
{"logLevel":"debug","message":"gauge-java took 1345milliseconds to load and scan. This should be less than 'runner_connection_timeout' config value."}
{"logLevel":"debug","message":"run 'gauge config runner_connection_timeout' and verify that it is < 1345"}
{"logLevel":"debug","message":"starting gRPC server..."}
{"logLevel":"debug","message":"started gRPC server on port 61099"}
{"logLevel":"info","message":"Listening on port:61099"}
{"logLevel":"debug","message":"Scanning packages for steps"}
{"logLevel":"debug","message":"Comparing 'com.n11.gauge.Login.fillPassword' and 'com.n11.gauge.Login.fillPassword'"}
{"logLevel":"debug","message":"Found Fill password input {} in current project scope."}
{"logLevel":"debug","message":"Comparing 'com.n11.gauge.Search.moveToSecondPage' and 'com.n11.gauge.Search.moveToSecondPage'"}
{"logLevel":"debug","message":"Found Move to second page in current project scope."}
{"logLevel":"debug","message":"Comparing 'com.n11.gauge.OpenHomePage.navigateTo' and 'com.n11.gauge.OpenHomePage.navigateTo'"}
{"logLevel":"debug","message":"Found Navigate to {} in current project scope."}
{"logLevel":"debug","message":"Comparing 'com.n11.gauge.AddFavorite.goToAccountPage' and 'com.n11.gauge.AddFavorite.goToAccountPage'"}
{"logLevel":"debug","message":"Found Go to account page in current project scope."}
{"logLevel":"debug","message":"Comparing 'com.n11.gauge.AddFavorite.addToFavorites' and 'com.n11.gauge.AddFavorite.addToFavorites'"}
{"logLevel":"debug","message":"Found Add third phone to favorites in current project scope."}
{"logLevel":"debug","message":"Comparing 'com.n11.gauge.OpenHomePage.isOpen' and 'com.n11.gauge.OpenHomePage.isOpen'"}
{"logLevel":"debug","message":"Found Check it is open in current project scope."}
{"logLevel":"debug","message":"Comparing 'com.n11.gauge.Search.clickSearchButton' and 'com.n11.gauge.Search.clickSearchButton'"}
{"logLevel":"debug","message":"Found Click the search button in current project scope."}
{"logLevel":"debug","message":"Comparing 'com.n11.gauge.showFavorites.showFavoritesTab' and 'com.n11.gauge.showFavorites.showFavoritesTab'"}
{"logLevel":"debug","message":"Found Click the favorites/lists link in current project scope."}
{"logLevel":"debug","message":"Comparing 'com.n11.gauge.OpenHomePage.clickLoginButton' and 'com.n11.gauge.OpenHomePage.clickLoginButton'"}
{"logLevel":"debug","message":"Found Click to the login button in current project scope."}
{"logLevel":"debug","message":"Comparing 'com.n11.gauge.Search.searchPhone' and 'com.n11.gauge.Search.searchPhone'"}
{"logLevel":"debug","message":"Found Searching {} Phone in current project scope."}
{"logLevel":"debug","message":"Comparing 'com.n11.gauge.Login.fillEmail' and 'com.n11.gauge.Login.fillEmail'"}
{"logLevel":"debug","message":"Found Fill email input {} in current project scope."}
{"logLevel":"debug","message":"Comparing 'com.n11.gauge.Login.clickLoginButton' and 'com.n11.gauge.Login.clickLoginButton'"}
{"logLevel":"debug","message":"Found Click the login button in current project scope."}
{"logLevel":"debug","message":"Scanning packages for hooks"}
{"logLevel":"debug","message":"Scanned steps (using static parsing + reflections): "}
{"logLevel":"debug","message":"\tSearching {} Phone : public void searchPhone(String phoneName)"}
{"logLevel":"debug","message":"\tMove to second page : public void moveToSecondPage()"}
{"logLevel":"debug","message":"\tNavigate to {} : public void navigateTo(String url)"}
{"logLevel":"debug","message":"\tClick the favorites/lists link : public void showFavoritesTab()"}
{"logLevel":"debug","message":"\tGo to account page : public void goToAccountPage()"}
{"logLevel":"debug","message":"\tFill password input {} : public void fillPassword(String userPassword)"}
{"logLevel":"debug","message":"\tAdd third phone to favorites : public void addToFavorites()"}
{"logLevel":"debug","message":"\tFill email input {} : public void fillEmail(String userEmail)"}
{"logLevel":"debug","message":"\tClick the login button : public void clickLoginButton()"}
{"logLevel":"debug","message":"\tClick to the login button : public void clickLoginButton()"}
{"logLevel":"debug","message":"\tClick the search button : public void clickSearchButton()"}
{"logLevel":"debug","message":"\tCheck it is open : public void isOpen()"}
{"logLevel":"debug","message":"Executing 'Add third phone to favorites' using 'class com.n11.gauge.AddFavorite.addToFavorites"}
{"logLevel":"debug","message":"Executing 'Go to account page' using 'class com.n11.gauge.AddFavorite.goToAccountPage"}
{"logLevel":"debug","message":"Executing 'Navigate to {}' using 'class com.n11.gauge.OpenHomePage.navigateTo"}
1627386222404	geckodriver	INFO	Listening on 127.0.0.1:7984
