{"logLevel":"debug","message":"multithreading is set to false"}
{"logLevel":"debug","message":"Using reflection to scan dependencies for gauge implementations..."}
{"logLevel":"debug","message":"gauge-java took 1483milliseconds to load and scan. This should be less than 'runner_connection_timeout' config value."}
{"logLevel":"debug","message":"run 'gauge config runner_connection_timeout' and verify that it is < 1483"}
{"logLevel":"debug","message":"starting gRPC server..."}
{"logLevel":"debug","message":"started gRPC server on port 52031"}
{"logLevel":"info","message":"Listening on port:52031"}
{"logLevel":"debug","message":"Scanning packages for steps"}
{"logLevel":"debug","message":"Comparing 'com.n11.gauge.Login.checkLogin' and 'com.n11.gauge.Login.checkLogin'"}
{"logLevel":"debug","message":"Found Check if the user is logged in in current project scope."}
{"logLevel":"debug","message":"Comparing 'com.n11.gauge.OpenHomePage.navigateTo' and 'com.n11.gauge.OpenHomePage.navigateTo'"}
{"logLevel":"debug","message":"Found Navigate to {} in current project scope."}
{"logLevel":"debug","message":"Comparing 'com.n11.gauge.OpenHomePage.isOpen' and 'com.n11.gauge.OpenHomePage.isOpen'"}
{"logLevel":"debug","message":"Found Check if the page open in current project scope."}
{"logLevel":"debug","message":"Comparing 'com.n11.gauge.Login.fillInputs' and 'com.n11.gauge.Login.fillInputs'"}
{"logLevel":"debug","message":"Found Login to n11 with {} and {} in current project scope."}
{"logLevel":"debug","message":"Comparing 'com.n11.gauge.OpenHomePage.clickLoginButton' and 'com.n11.gauge.OpenHomePage.clickLoginButton'"}
{"logLevel":"debug","message":"Found Click to the login button in current project scope."}
{"logLevel":"debug","message":"Comparing 'com.n11.gauge.Login.clickLoginButton' and 'com.n11.gauge.Login.clickLoginButton'"}
{"logLevel":"debug","message":"Found Click to login button in current project scope."}
{"logLevel":"debug","message":"Scanning packages for hooks"}
{"logLevel":"debug","message":"Scanned steps (using static parsing + reflections): "}
{"logLevel":"debug","message":"\tClick to the login button : public void clickLoginButton()"}
{"logLevel":"debug","message":"\tClick to login button : public void clickLoginButton()"}
{"logLevel":"debug","message":"\tCheck if the page open : public void isOpen()"}
{"logLevel":"debug","message":"\tCheck if the user is logged in : public void checkLogin()"}
{"logLevel":"debug","message":"\tNavigate to {} : public void navigateTo(String url)"}
{"logLevel":"debug","message":"\tLogin to n11 with {} and {} : public void fillInputs(String userEmail, String userPassword)"}
{"logLevel":"debug","message":"Executing 'Navigate to {}' using 'class com.n11.gauge.OpenHomePage.navigateTo"}
1627451097938	geckodriver	INFO	Listening on 127.0.0.1:25174
1627451099217	mozrunner::runner	INFO	Running command: "/Applications/Firefox.app/Contents/MacOS/firefox-bin" "--marionette" "-foreground" "-no-remote" "-profile" "/var/folders/nz/6cw7s0j54n744p31n5ng_gfm0000gn/T/rust_mozprofileRonmYc"
1627451100162	Marionette	INFO	Marionette enabled
console.warn: SearchSettings: "get: No settings file exists, new profile?" (new NotFoundError("Could not open the file at /var/folders/nz/6cw7s0j54n744p31n5ng_gfm0000gn/T/rust_mozprofileRonmYc/search.json.mozlz4", (void 0)))
console.error: BackgroundUpdate: 
  _reasonsToNotScheduleUpdates: Failed to check for Maintenance Service Registry Key: [Exception... "Component returned failure code: 0x80004001 (NS_ERROR_NOT_IMPLEMENTED) [nsIUpdateProcessor.getServiceRegKeyExists]"  nsresult: "0x80004001 (NS_ERROR_NOT_IMPLEMENTED)"  location: "JS frame :: resource://gre/modules/BackgroundUpdate.jsm :: _reasonsToNotScheduleUpdates :: line 243"  data: no]
1627451103091	Marionette	INFO	Listening on port 52041
1627451103222	Marionette	WARN	TLS certificate errors will be ignored for this session
Jul 28, 2021 8:45:03 AM org.openqa.selenium.remote.ProtocolHandshake createSession
INFO: Detected dialect: W3C
{"logLevel":"debug","message":"Executing 'Check if the page open' using 'class com.n11.gauge.OpenHomePage.isOpen"}
{"logLevel":"debug","message":"Executing 'Click to the login button' using 'class com.n11.gauge.OpenHomePage.clickLoginButton"}
JavaScript error: , line 0: TypeError: NetworkError when attempting to fetch resource.
{"logLevel":"debug","message":"Executing 'Login to n11 with {} and {}' using 'class com.n11.gauge.Login.fillInputs"}
1627451110862	geckodriver	INFO	Listening on 127.0.0.1:42387
1627451111884	mozrunner::runner	INFO	Running command: "/Applications/Firefox.app/Contents/MacOS/firefox-bin" "--marionette" "-foreground" "-no-remote" "-profile" "/var/folders/nz/6cw7s0j54n744p31n5ng_gfm0000gn/T/rust_mozprofile7sR4SJ"
1627451113589	Marionette	INFO	Marionette enabled
console.warn: SearchSettings: "get: No settings file exists, new profile?" (new NotFoundError("Could not open the file at /var/folders/nz/6cw7s0j54n744p31n5ng_gfm0000gn/T/rust_mozprofile7sR4SJ/search.json.mozlz4", (void 0)))
console.error: BackgroundUpdate: 
  _reasonsToNotScheduleUpdates: Failed to check for Maintenance Service Registry Key: [Exception... "Component returned failure code: 0x80004001 (NS_ERROR_NOT_IMPLEMENTED) [nsIUpdateProcessor.getServiceRegKeyExists]"  nsresult: "0x80004001 (NS_ERROR_NOT_IMPLEMENTED)"  location: "JS frame :: resource://gre/modules/BackgroundUpdate.jsm :: _reasonsToNotScheduleUpdates :: line 243"  data: no]
1627451117765	Marionette	INFO	Listening on port 52191
1627451117834	Marionette	WARN	TLS certificate errors will be ignored for this session
Jul 28, 2021 8:45:17 AM org.openqa.selenium.remote.ProtocolHandshake createSession
INFO: Detected dialect: W3C
{"logLevel":"debug","message":"Killing Java runner..."}
{"logLevel":"debug","message":"Stopping execution pool..."}
{"logLevel":"debug","message":"Shutting down grpc server..."}
{"logLevel":"debug","message":"Runner killed gracefully."}
