{"logLevel":"debug","message":"multithreading is set to false"}
{"logLevel":"debug","message":"Using reflection to scan dependencies for gauge implementations..."}
{"logLevel":"debug","message":"gauge-java took 954milliseconds to load and scan. This should be less than 'runner_connection_timeout' config value."}
{"logLevel":"debug","message":"run 'gauge config runner_connection_timeout' and verify that it is < 954"}
{"logLevel":"debug","message":"starting gRPC server..."}
{"logLevel":"debug","message":"started gRPC server on port 56111"}
{"logLevel":"info","message":"Listening on port:56111"}
{"logLevel":"debug","message":"Scanning packages for steps"}
{"logLevel":"debug","message":"Comparing 'com.n11.gauge.Search.moveToSecondPage' and 'com.n11.gauge.Search.moveToSecondPage'"}
{"logLevel":"debug","message":"Found Move to second page in current project scope."}
{"logLevel":"debug","message":"Comparing 'com.n11.gauge.OpenHomePage.navigateTo' and 'com.n11.gauge.OpenHomePage.navigateTo'"}
{"logLevel":"debug","message":"Found Navigate to {} in current project scope."}
{"logLevel":"debug","message":"Comparing 'com.n11.gauge.AddFavorite.goToAccountPage' and 'com.n11.gauge.AddFavorite.goToAccountPage'"}
{"logLevel":"debug","message":"Found Go to account page in current project scope."}
{"logLevel":"debug","message":"Comparing 'com.n11.gauge.Search.checkIsPageOpen' and 'com.n11.gauge.Search.checkIsPageOpen'"}
{"logLevel":"debug","message":"Found Check if open second page in current project scope."}
{"logLevel":"debug","message":"Comparing 'com.n11.gauge.showFavorites.checkFavoritesOpen' and 'com.n11.gauge.showFavorites.checkFavoritesOpen'"}
{"logLevel":"debug","message":"Found Check if favorites open in current project scope."}
{"logLevel":"debug","message":"Comparing 'com.n11.gauge.showFavorites.checkDeletePhone' and 'com.n11.gauge.showFavorites.checkDeletePhone'"}
{"logLevel":"debug","message":"Found Check if delete phone in current project scope."}
{"logLevel":"debug","message":"Comparing 'com.n11.gauge.OpenHomePage.clickLoginButton' and 'com.n11.gauge.OpenHomePage.clickLoginButton'"}
{"logLevel":"debug","message":"Found Click to the login button in current project scope."}
{"logLevel":"debug","message":"Comparing 'com.n11.gauge.Login.checkLogin' and 'com.n11.gauge.Login.checkLogin'"}
{"logLevel":"debug","message":"Found Check if the user is logged in in current project scope."}
{"logLevel":"debug","message":"Comparing 'com.n11.gauge.showFavorites.deletePhone' and 'com.n11.gauge.showFavorites.deletePhone'"}
{"logLevel":"debug","message":"Found Delete phone in favorites in current project scope."}
{"logLevel":"debug","message":"Comparing 'com.n11.gauge.AddFavorite.addToFavorites' and 'com.n11.gauge.AddFavorite.addToFavorites'"}
{"logLevel":"debug","message":"Found Add third phone to favorites in current project scope."}
{"logLevel":"debug","message":"Comparing 'com.n11.gauge.OpenHomePage.isOpen' and 'com.n11.gauge.OpenHomePage.isOpen'"}
{"logLevel":"debug","message":"Found Check if the page open in current project scope."}
{"logLevel":"debug","message":"Comparing 'com.n11.gauge.Login.fillInputs' and 'com.n11.gauge.Login.fillInputs'"}
{"logLevel":"debug","message":"Found Login to n11 with {} and {} in current project scope."}
{"logLevel":"debug","message":"Comparing 'com.n11.gauge.Search.searchPhone' and 'com.n11.gauge.Search.searchPhone'"}
{"logLevel":"debug","message":"Found Searching {} Phone in current project scope."}
{"logLevel":"debug","message":"Comparing 'com.n11.gauge.Search.checkSearch' and 'com.n11.gauge.Search.checkSearch'"}
{"logLevel":"debug","message":"Found Check if the searching samsung phone in current project scope."}
{"logLevel":"debug","message":"Comparing 'com.n11.gauge.showFavorites.showAllFavorites' and 'com.n11.gauge.showFavorites.showAllFavorites'"}
{"logLevel":"debug","message":"Found Show all favorites in current project scope."}
{"logLevel":"debug","message":"Comparing 'com.n11.gauge.Login.clickLoginButton' and 'com.n11.gauge.Login.clickLoginButton'"}
{"logLevel":"debug","message":"Found Click to login button in current project scope."}
{"logLevel":"debug","message":"Scanning packages for hooks"}
{"logLevel":"debug","message":"Scanned steps (using static parsing + reflections): "}
{"logLevel":"debug","message":"\tSearching {} Phone : public void searchPhone(String phoneName)"}
{"logLevel":"debug","message":"\tClick to login button : public void clickLoginButton()"}
{"logLevel":"debug","message":"\tMove to second page : public void moveToSecondPage()"}
{"logLevel":"debug","message":"\tShow all favorites : public void showAllFavorites()"}
{"logLevel":"debug","message":"\tCheck if the user is logged in : public void checkLogin()"}
{"logLevel":"debug","message":"\tNavigate to {} : public void navigateTo(String url)"}
{"logLevel":"debug","message":"\tGo to account page : public void goToAccountPage()"}
{"logLevel":"debug","message":"\tLogin to n11 with {} and {} : public void fillInputs(String userEmail, String userPassword)"}
{"logLevel":"debug","message":"\tCheck if favorites open : public void checkFavoritesOpen()"}
{"logLevel":"debug","message":"\tAdd third phone to favorites : public void addToFavorites()"}
{"logLevel":"debug","message":"\tClick to the login button : public void clickLoginButton()"}
{"logLevel":"debug","message":"\tCheck if delete phone : public void checkDeletePhone()"}
{"logLevel":"debug","message":"\tCheck if the page open : public void isOpen()"}
{"logLevel":"debug","message":"\tCheck if the searching samsung phone : public void checkSearch()"}
{"logLevel":"debug","message":"\tDelete phone in favorites : public void deletePhone()"}
{"logLevel":"debug","message":"\tCheck if open second page : public void checkIsPageOpen()"}
{"logLevel":"debug","message":"Executing 'Add third phone to favorites' using 'class com.n11.gauge.AddFavorite.addToFavorites"}
{"logLevel":"debug","message":"Executing 'Go to account page' using 'class com.n11.gauge.AddFavorite.goToAccountPage"}
{"logLevel":"debug","message":"Executing 'Navigate to {}' using 'class com.n11.gauge.OpenHomePage.navigateTo"}
1627453575937	geckodriver	INFO	Listening on 127.0.0.1:29332
1627453577095	mozrunner::runner	INFO	Running command: "/Applications/Firefox.app/Contents/MacOS/firefox-bin" "--marionette" "-foreground" "-no-remote" "-profile" "/var/folders/nz/6cw7s0j54n744p31n5ng_gfm0000gn/T/rust_mozprofile4U9fzo"
1627453577772	Marionette	INFO	Marionette enabled
