{"logLevel":"debug","message":"multithreading is set to false"}
{"logLevel":"debug","message":"Using reflection to scan dependencies for gauge implementations..."}
{"logLevel":"debug","message":"gauge-java took 1221milliseconds to load and scan. This should be less than 'runner_connection_timeout' config value."}
{"logLevel":"debug","message":"run 'gauge config runner_connection_timeout' and verify that it is < 1221"}
{"logLevel":"debug","message":"starting gRPC server..."}
{"logLevel":"debug","message":"Scanning packages for steps"}
{"logLevel":"debug","message":"Comparing 'com.n11.gauge.pages.Favorites.deletePhone' and 'com.n11.gauge.pages.Favorites.deletePhone'"}
{"logLevel":"debug","message":"Found Delete phone in favorites in current project scope."}
{"logLevel":"debug","message":"Comparing 'com.n11.gauge.pages.AddFavorite.addToFavorites' and 'com.n11.gauge.pages.AddFavorite.addToFavorites'"}
{"logLevel":"debug","message":"Found Add third phone to favorites in current project scope."}
{"logLevel":"debug","message":"Comparing 'com.n11.gauge.pages.SearchComputer.clickToProduct' and 'com.n11.gauge.pages.SearchComputer.clickToProduct'"}
{"logLevel":"debug","message":"Found Click to any product in current project scope."}
{"logLevel":"debug","message":"Comparing 'com.n11.gauge.pages.Login.checkLogin' and 'com.n11.gauge.pages.Login.checkLogin'"}
{"logLevel":"debug","message":"Found Check if the user is logged in in current project scope."}
{"logLevel":"debug","message":"Comparing 'com.n11.gauge.pages.Login.clickLoginButton' and 'com.n11.gauge.pages.Login.clickLoginButton'"}
{"logLevel":"debug","message":"Found Click to login button in current project scope."}
{"logLevel":"debug","message":"Comparing 'com.n11.gauge.pages.SearchPhone.searchPhone' and 'com.n11.gauge.pages.SearchPhone.searchPhone'"}
{"logLevel":"debug","message":"Found Searching {} Phone in current project scope."}
{"logLevel":"debug","message":"Comparing 'com.n11.gauge.pages.SearchPhone.checkSearch' and 'com.n11.gauge.pages.SearchPhone.checkSearch'"}
{"logLevel":"debug","message":"Found Check if the searching Samsung phone in current project scope."}
{"logLevel":"debug","message":"Comparing 'com.n11.gauge.pages.Login.fillInputs' and 'com.n11.gauge.pages.Login.fillInputs'"}
{"logLevel":"debug","message":"Found Login to n11 with {} and {} in current project scope."}
{"logLevel":"debug","message":"Comparing 'com.n11.gauge.pages.HomePage.isOpen' and 'com.n11.gauge.pages.HomePage.isOpen'"}
{"logLevel":"debug","message":"Found Check if the open homepage in current project scope."}
{"logLevel":"debug","message":"Comparing 'com.n11.gauge.pages.Favorites.showAllFavorites' and 'com.n11.gauge.pages.Favorites.showAllFavorites'"}
{"logLevel":"debug","message":"Found Show all favorites in current project scope."}
{"logLevel":"debug","message":"Comparing 'com.n11.gauge.pages.SearchComputer.checkSecondPage' and 'com.n11.gauge.pages.SearchComputer.checkSecondPage'"}
{"logLevel":"debug","message":"Found Check if open second computer page in current project scope."}
{"logLevel":"debug","message":"Comparing 'com.n11.gauge.pages.Favorites.checkSearch' and 'com.n11.gauge.pages.Favorites.checkSearch'"}
{"logLevel":"debug","message":"Found Check if the searching computer in current project scope."}
{"logLevel":"debug","message":"Comparing 'com.n11.gauge.pages.SearchPhone.checkIsPageOpen' and 'com.n11.gauge.pages.SearchPhone.checkIsPageOpen'"}
{"logLevel":"debug","message":"Found Check if open second page in current project scope."}
{"logLevel":"debug","message":"Comparing 'com.n11.gauge.pages.SearchPhone.moveToSecondPage' and 'com.n11.gauge.pages.SearchPhone.moveToSecondPage'"}
{"logLevel":"debug","message":"Found Move to second page in current project scope."}
{"logLevel":"debug","message":"Comparing 'com.n11.gauge.pages.Favorites.checkFavoritesOpen' and 'com.n11.gauge.pages.Favorites.checkFavoritesOpen'"}
{"logLevel":"debug","message":"Found Check if favorites open in current project scope."}
{"logLevel":"debug","message":"Comparing 'com.n11.gauge.pages.AddFavorite.goToAccountPage' and 'com.n11.gauge.pages.AddFavorite.goToAccountPage'"}
{"logLevel":"debug","message":"Found Go to account page in current project scope."}
{"logLevel":"debug","message":"Comparing 'com.n11.gauge.pages.HomePage.navigateTo' and 'com.n11.gauge.pages.HomePage.navigateTo'"}
{"logLevel":"debug","message":"Found Navigate to {} in current project scope."}
{"logLevel":"debug","message":"Comparing 'com.n11.gauge.pages.Favorites.checkDelete' and 'com.n11.gauge.pages.Favorites.checkDelete'"}
{"logLevel":"debug","message":"Found Check if delete phone in favorites in current project scope."}
{"logLevel":"debug","message":"Comparing 'com.n11.gauge.pages.Favorites.searchComputer' and 'com.n11.gauge.pages.Favorites.searchComputer'"}
{"logLevel":"debug","message":"Found Searching {} in current project scope."}
{"logLevel":"debug","message":"Comparing 'com.n11.gauge.pages.Favorites.closeMessage' and 'com.n11.gauge.pages.Favorites.closeMessage'"}
{"logLevel":"debug","message":"Found Close the delete message in current project scope."}
{"logLevel":"debug","message":"Comparing 'com.n11.gauge.pages.SearchComputer.moveToSecondPage' and 'com.n11.gauge.pages.SearchComputer.moveToSecondPage'"}
{"logLevel":"debug","message":"Found Move to second computer page in current project scope."}
{"logLevel":"debug","message":"Comparing 'com.n11.gauge.pages.HomePage.clickLoginButton' and 'com.n11.gauge.pages.HomePage.clickLoginButton'"}
{"logLevel":"debug","message":"Found Click to the login button in current project scope."}
{"logLevel":"debug","message":"Comparing 'com.n11.gauge.pages.SearchComputer.addToCart' and 'com.n11.gauge.pages.SearchComputer.addToCart'"}
{"logLevel":"debug","message":"Found Add to cart in current project scope."}
{"logLevel":"debug","message":"Scanning packages for hooks"}
{"logLevel":"debug","message":"Scanned steps (using static parsing + reflections): "}
{"logLevel":"debug","message":"\tClick to any product : public void clickToProduct()"}
{"logLevel":"debug","message":"\tSearching {} Phone : public void searchPhone(String phoneName)"}
{"logLevel":"debug","message":"\tClick to login button : public void clickLoginButton()"}
{"logLevel":"debug","message":"\tCheck if open second computer page : public void checkSecondPage()"}
{"logLevel":"debug","message":"\tMove to second page : public void moveToSecondPage()"}
{"logLevel":"debug","message":"\tShow all favorites : public void showAllFavorites()"}
{"logLevel":"debug","message":"\tNavigate to {} : public void navigateTo(String url)"}
{"logLevel":"debug","message":"\tCheck if the user is logged in : public void checkLogin()"}
{"logLevel":"debug","message":"\tMove to second computer page : public void moveToSecondPage()"}
{"logLevel":"debug","message":"\tGo to account page : public void goToAccountPage()"}
{"logLevel":"debug","message":"\tLogin to n11 with {} and {} : public void fillInputs(String userEmail, String userPassword)"}
{"logLevel":"debug","message":"\tCheck if favorites open : public void checkFavoritesOpen()"}
{"logLevel":"debug","message":"\tCheck if the open homepage : public void isOpen()"}
{"logLevel":"debug","message":"\tSearching {} : public void searchComputer(String key)"}
{"logLevel":"debug","message":"\tAdd third phone to favorites : public void addToFavorites()"}
{"logLevel":"debug","message":"\tClick to the login button : public void clickLoginButton()"}
{"logLevel":"debug","message":"\tClose the delete message : public void closeMessage()"}
{"logLevel":"debug","message":"\tCheck if the searching computer : public void checkSearch()"}
{"logLevel":"debug","message":"\tCheck if the searching Samsung phone : public void checkSearch()"}
{"logLevel":"debug","message":"\tAdd to cart : public void addToCart()"}
{"logLevel":"debug","message":"\tDelete phone in favorites : public void deletePhone()"}
{"logLevel":"debug","message":"\tCheck if delete phone in favorites : public void checkDelete()"}
{"logLevel":"debug","message":"\tCheck if open second page : public void checkIsPageOpen()"}
{"logLevel":"debug","message":"started gRPC server on port 64054"}
{"logLevel":"info","message":"Listening on port:64054"}
{"logLevel":"debug","message":"Executing 'Navigate to {}' using 'class com.n11.gauge.pages.HomePage.navigateTo"}
1627888183556	geckodriver	INFO	Listening on 127.0.0.1:3085
1627888184710	mozrunner::runner	INFO	Running command: "/Applications/Firefox.app/Contents/MacOS/firefox-bin" "--marionette" "-foreground" "-no-remote" "-profile" "/var/folders/nz/6cw7s0j54n744p31n5ng_gfm0000gn/T/rust_mozprofileeGjfIP"
1627888185388	Marionette	INFO	Marionette enabled
console.warn: SearchSettings: "get: No settings file exists, new profile?" (new NotFoundError("Could not open the file at /var/folders/nz/6cw7s0j54n744p31n5ng_gfm0000gn/T/rust_mozprofileeGjfIP/search.json.mozlz4", (void 0)))
console.error: BackgroundUpdate: 
  _reasonsToNotScheduleUpdates: Failed to check for Maintenance Service Registry Key: [Exception... "Component returned failure code: 0x80004001 (NS_ERROR_NOT_IMPLEMENTED) [nsIUpdateProcessor.getServiceRegKeyExists]"  nsresult: "0x80004001 (NS_ERROR_NOT_IMPLEMENTED)"  location: "JS frame :: resource://gre/modules/BackgroundUpdate.jsm :: _reasonsToNotScheduleUpdates :: line 243"  data: no]
1627888187399	Marionette	INFO	Listening on port 64131
1627888187454	Marionette	WARN	TLS certificate errors will be ignored for this session
Aug 02, 2021 10:09:47 AM org.openqa.selenium.remote.ProtocolHandshake createSession
INFO: Detected dialect: W3C
2021-08-02 10:09:52,665 INFO  [Setup] Opened n11.com homepage 
{"logLevel":"debug","message":"Executing 'Check if the open homepage' using 'class com.n11.gauge.pages.HomePage.isOpen"}
{"logLevel":"debug","message":"Executing 'Click to the login button' using 'class com.n11.gauge.pages.HomePage.clickLoginButton"}
2021-08-02 10:09:53,638 INFO  [Setup] Clicked go to login page 
{"logLevel":"debug","message":"Executing 'Login to n11 with {} and {}' using 'class com.n11.gauge.pages.Login.fillInputs"}
2021-08-02 10:09:54,344 INFO  [Setup] Filled Email and Password Inputs 
{"logLevel":"debug","message":"Executing 'Click to login button' using 'class com.n11.gauge.pages.Login.clickLoginButton"}
2021-08-02 10:09:56,112 INFO  [Setup] Clicked the login button 
{"logLevel":"debug","message":"Executing 'Check if the user is logged in' using 'class com.n11.gauge.pages.Login.checkLogin"}
{"logLevel":"debug","message":"Executing 'Searching {} Phone' using 'class com.n11.gauge.pages.SearchPhone.searchPhone"}
JavaScript error: , line 0: TypeError: NetworkError when attempting to fetch resource.
JavaScript error: , line 0: TypeError: NetworkError when attempting to fetch resource.
1627888199160	Marionette	WARN	Ignoring event 'DOMContentLoaded' because document has an invalid readyState of 'complete'.
2021-08-02 10:10:00,048 INFO  [Setup] Filled search box and click search button 
{"logLevel":"debug","message":"Executing 'Check if the searching Samsung phone' using 'class com.n11.gauge.pages.SearchPhone.checkSearch"}
JavaScript error: , line 0: uncaught exception: undefined
{"logLevel":"debug","message":"Executing 'Move to second page' using 'class com.n11.gauge.pages.SearchPhone.moveToSecondPage"}
2021-08-02 10:10:04,131 INFO  [Setup] Moved to 2nd page 
{"logLevel":"debug","message":"Executing 'Check if open second page' using 'class com.n11.gauge.pages.SearchPhone.checkIsPageOpen"}
{"logLevel":"debug","message":"Executing 'Add third phone to favorites' using 'class com.n11.gauge.pages.AddFavorite.addToFavorites"}
2021-08-02 10:10:05,344 INFO  [Setup] Added 3rd phone to favorites 
{"logLevel":"debug","message":"Executing 'Go to account page' using 'class com.n11.gauge.pages.AddFavorite.goToAccountPage"}
1627888205584	Marionette	WARN	Ignoring event 'DOMContentLoaded' because document has an invalid readyState of 'complete'.
1627888205587	Marionette	WARN	Ignoring event 'DOMContentLoaded' because document has an invalid readyState of 'complete'.
2021-08-02 10:10:06,997 INFO  [Setup] Go to my account page 
{"logLevel":"debug","message":"Executing 'Show all favorites' using 'class com.n11.gauge.pages.Favorites.showAllFavorites"}
2021-08-02 10:10:08,757 INFO  [Setup] Showing my favorites page 
{"logLevel":"debug","message":"Executing 'Check if favorites open' using 'class com.n11.gauge.pages.Favorites.checkFavoritesOpen"}
{"logLevel":"debug","message":"Executing 'Delete phone in favorites' using 'class com.n11.gauge.pages.Favorites.deletePhone"}
2021-08-02 10:10:09,545 INFO  [Setup] Deleted phone from favorites 
{"logLevel":"debug","message":"Executing 'Check if delete phone in favorites' using 'class com.n11.gauge.pages.Favorites.checkDelete"}
{"logLevel":"debug","message":"Executing 'Close the delete message' using 'class com.n11.gauge.pages.Favorites.closeMessage"}
{"logLevel":"debug","message":"Executing 'Searching {}' using 'class com.n11.gauge.pages.Favorites.searchComputer"}
{"logLevel":"debug","message":"Executing 'Move to second computer page' using 'class com.n11.gauge.pages.SearchComputer.moveToSecondPage"}
JavaScript error: https://www.n11.com/hesabim/favorilerim line 29 > injectedScript, line 4: TypeError: a[0] is undefined
{"logLevel":"debug","message":"Executing 'Click to any product' using 'class com.n11.gauge.pages.SearchComputer.clickToProduct"}
{"logLevel":"debug","message":"Killing Java runner..."}
{"logLevel":"debug","message":"Stopping execution pool..."}
{"logLevel":"debug","message":"Shutting down grpc server..."}
{"logLevel":"debug","message":"Runner killed gracefully."}
